# JRE version: OpenJDK Runtime Environment Microsoft-11926163 (17.0.16+8) (build 17.0.16+8-LTS)
# Java VM: OpenJDK 64-Bit Server VM Microsoft-11926163 (17.0.16+8-LTS, mixed mode, sharing, tiered, compressed oops, compressed class ptrs, g1 gc, windows-amd64)
GC Precious Log:
 CPUs: 4 total, 4 available
 Memory: 7932M
 Large Page Support: Disabled
 NUMA Support: Disabled
 Compressed Oops: Enabled (32-bit)
 Heap Region Size: 1M
 Heap Min Capacity: 8M
 Heap Initial Capacity: 124M
 Heap Max Capacity: 2G
 Pre-touch: Disabled
 Parallel Workers: 4
 Concurrent Workers: 1
 Concurrent Refinement Workers: 4
 Periodic GC: Disabled
Heap:
 garbage-first heap   total 103424K, used 40539K [0x0000000080000000, 0x0000000100000000)
  region size 1024K, 4 young (4096K), 4 survivors (4096K)
 Metaspace       used 45723K, committed 46208K, reserved 491520K
  class space    used 6222K, committed 6464K, reserved 425984K
GC Heap History (20 events):
Event: 36.184 GC heap after
{Heap after GC invocations=19 (full 0):
 garbage-first heap   total 86016K, used 38587K [0x0000000080000000, 0x0000000100000000)
  region size 1024K, 2 young (2048K), 2 survivors (2048K)
 Metaspace       used 45704K, committed 46208K, reserved 491520K
  class space    used 6222K, committed 6464K, reserved 425984K
}
Event: 36.423 GC heap before
{Heap before GC invocations=19 (full 0):
 garbage-first heap   total 86016K, used 73403K [0x0000000080000000, 0x0000000100000000)
  region size 1024K, 36 young (36864K), 2 survivors (2048K)
 Metaspace       used 45706K, committed 46208K, reserved 491520K
  class space    used 6222K, committed 6464K, reserved 425984K
}
Event: 36.428 GC heap after
{Heap after GC invocations=20 (full 0):
 garbage-first heap   total 86016K, used 38493K [0x0000000080000000, 0x0000000100000000)
  region size 1024K, 2 young (2048K), 2 survivors (2048K)
 Metaspace       used 45706K, committed 46208K, reserved 491520K
  class space    used 6222K, committed 6464K, reserved 425984K
}
Event: 37.175 GC heap before
{Heap before GC invocations=20 (full 0):
 garbage-first heap   total 86016K, used 73309K [0x0000000080000000, 0x0000000100000000)
  region size 1024K, 36 young (36864K), 2 survivors (2048K)
 Metaspace       used 45714K, committed 46208K, reserved 491520K
  class space    used 6222K, committed 6464K, reserved 425984K
}
Event: 37.180 GC heap after
{Heap after GC invocations=21 (full 0):
 garbage-first heap   total 86016K, used 38643K [0x0000000080000000, 0x0000000100000000)
  region size 1024K, 2 young (2048K), 2 survivors (2048K)
 Metaspace       used 45714K, committed 46208K, reserved 491520K
  class space    used 6222K, committed 6464K, reserved 425984K
}
Event: 37.520 GC heap before
{Heap before GC invocations=21 (full 0):
 garbage-first heap   total 86016K, used 73459K [0x0000000080000000, 0x0000000100000000)
  region size 1024K, 36 young (36864K), 2 survivors (2048K)
 Metaspace       used 45714K, committed 46208K, reserved 491520K
  class space    used 6222K, committed 6464K, reserved 425984K
}
Event: 37.525 GC heap after
{Heap after GC invocations=22 (full 0):
 garbage-first heap   total 86016K, used 38783K [0x0000000080000000, 0x0000000100000000)
  region size 1024K, 3 young (3072K), 3 survivors (3072K)
 Metaspace       used 45714K, committed 46208K, reserved 491520K
  class space    used 6222K, committed 6464K, reserved 425984K
}
Event: 37.714 GC heap before
{Heap before GC invocations=22 (full 0):
 garbage-first heap   total 86016K, used 71551K [0x0000000080000000, 0x0000000100000000)
  region size 1024K, 35 young (35840K), 3 survivors (3072K)
 Metaspace       used 45715K, committed 46208K, reserved 491520K
  class space    used 6222K, committed 6464K, reserved 425984K
}
Event: 37.720 GC heap after
{Heap after GC invocations=23 (full 0):
 garbage-first heap   total 103424K, used 38989K [0x0000000080000000, 0x0000000100000000)
  region size 1024K, 3 young (3072K), 3 survivors (3072K)
 Metaspace       used 45715K, committed 46208K, reserved 491520K
  class space    used 6222K, committed 6464K, reserved 425984K
}
Event: 38.424 GC heap before
{Heap before GC invocations=23 (full 0):
 garbage-first heap   total 103424K, used 87117K [0x0000000080000000, 0x0000000100000000)
  region size 1024K, 50 young (51200K), 3 survivors (3072K)
 Metaspace       used 45718K, committed 46208K, reserved 491520K
  class space    used 6222K, committed 6464K, reserved 425984K
}
Event: 38.429 GC heap after
{Heap after GC invocations=24 (full 0):
 garbage-first heap   total 103424K, used 39335K [0x0000000080000000, 0x0000000100000000)
  region size 1024K, 3 young (3072K), 3 survivors (3072K)
 Metaspace       used 45718K, committed 46208K, reserved 491520K
  class space    used 6222K, committed 6464K, reserved 425984K
}
Event: 39.252 GC heap before
{Heap before GC invocations=24 (full 0):
 garbage-first heap   total 103424K, used 87463K [0x0000000080000000, 0x0000000100000000)
  region size 1024K, 50 young (51200K), 3 survivors (3072K)
 Metaspace       used 45718K, committed 46208K, reserved 491520K
  class space    used 6222K, committed 6464K, reserved 425984K
}
Event: 39.258 GC heap after
{Heap after GC invocations=25 (full 0):
 garbage-first heap   total 103424K, used 39656K [0x0000000080000000, 0x0000000100000000)
  region size 1024K, 3 young (3072K), 3 survivors (3072K)
 Metaspace       used 45718K, committed 46208K, reserved 491520K
  class space    used 6222K, committed 6464K, reserved 425984K
}
Event: 39.499 GC heap before
{Heap before GC invocations=25 (full 0):
 garbage-first heap   total 103424K, used 87784K [0x0000000080000000, 0x0000000100000000)
  region size 1024K, 50 young (51200K), 3 survivors (3072K)
 Metaspace       used 45718K, committed 46208K, reserved 491520K
  class space    used 6222K, committed 6464K, reserved 425984K
}
Event: 39.504 GC heap after
{Heap after GC invocations=26 (full 0):
 garbage-first heap   total 103424K, used 39719K [0x0000000080000000, 0x0000000100000000)
  region size 1024K, 3 young (3072K), 3 survivors (3072K)
 Metaspace       used 45718K, committed 46208K, reserved 491520K
  class space    used 6222K, committed 6464K, reserved 425984K
}
Event: 39.744 GC heap before
{Heap before GC invocations=26 (full 0):
 garbage-first heap   total 103424K, used 87847K [0x0000000080000000, 0x0000000100000000)
  region size 1024K, 50 young (51200K), 3 survivors (3072K)
 Metaspace       used 45718K, committed 46208K, reserved 491520K
  class space    used 6222K, committed 6464K, reserved 425984K
}
Event: 39.749 GC heap after
{Heap after GC invocations=27 (full 0):
 garbage-first heap   total 103424K, used 39719K [0x0000000080000000, 0x0000000100000000)
  region size 1024K, 3 young (3072K), 3 survivors (3072K)
 Metaspace       used 45718K, committed 46208K, reserved 491520K
  class space    used 6222K, committed 6464K, reserved 425984K
}
Event: 39.918 GC heap before
{Heap before GC invocations=27 (full 0):
 garbage-first heap   total 103424K, used 87847K [0x0000000080000000, 0x0000000100000000)
  region size 1024K, 50 young (51200K), 3 survivors (3072K)
 Metaspace       used 45721K, committed 46208K, reserved 491520K
  class space    used 6222K, committed 6464K, reserved 425984K
}
Event: 39.925 GC heap after
{Heap after GC invocations=28 (full 0):
 garbage-first heap   total 103424K, used 39963K [0x0000000080000000, 0x0000000100000000)
  region size 1024K, 3 young (3072K), 3 survivors (3072K)
 Metaspace       used 45721K, committed 46208K, reserved 491520K
  class space    used 6222K, committed 6464K, reserved 425984K
}
Event: 40.200 GC heap before
{Heap before GC invocations=28 (full 0):
 garbage-first heap   total 103424K, used 88091K [0x0000000080000000, 0x0000000100000000)
  region size 1024K, 50 young (51200K), 3 survivors (3072K)
 Metaspace       used 45723K, committed 46208K, reserved 491520K
  class space    used 6222K, committed 6464K, reserved 425984K
}

